1548391396765	geckodriver	INFO	geckodriver 0.18.0
1548391396777	geckodriver	INFO	Listening on 127.0.0.1:37450
1548391398791	geckodriver::marionette	INFO	Starting browser C:\Program Files (x86)\Mozilla Firefox\firefox.exe with args ["-marionette"]
1548391402991	Marionette	INFO	Listening on port 37460
1548391404014	Marionette	WARN	TLS certificate errors will be ignored for this session
1548391404063	Marionette	DEBUG	[6442450945] Frame script loaded
1548391404069	Marionette	DEBUG	[6442450945] Frame script registered
1548391404088	Marionette	DEBUG	[6442450945] Received DOM event beforeunload for about:blank
1548391406048	Marionette	DEBUG	[6442450945] Received DOM event pagehide for about:blank
1548391407810	Marionette	DEBUG	[6442450945] Received DOM event DOMContentLoaded for https://www.facebook.com/
1548391409475	Marionette	DEBUG	[6442450945] Received observer notification outer-window-destroyed for 6442450953
1548391412062	Marionette	DEBUG	[6442450945] Received observer notification outer-window-destroyed for 6442450965
1548391412063	Marionette	DEBUG	[6442450945] Received observer notification outer-window-destroyed for 6442450967
1548391412066	Marionette	DEBUG	[6442450945] Received observer notification outer-window-destroyed for 6442450962
1548391412068	Marionette	DEBUG	[6442450945] Received observer notification outer-window-destroyed for 6442450960
1548391412149	Marionette	DEBUG	[6442450945] Received DOM event pageshow for https://www.facebook.com/
1601207054106	mozrunner::runner	INFO	Running command: "C:\\Program Files (x86)\\Mozilla Firefox\\firefox.exe" "-marionette" "-foreground" "-no-remote" "-profile" "C:\\Users\\Tomer\\AppData\\Local\\Temp\\rust_mozprofile.7DT1zWsZ3oyf"
JavaScript error: resource://gre/modules/XULStore.jsm, line 66: Error: Can't find profile directory.
console.error: SearchCache: "_readCacheFile: Error reading cache file:" (new Error("", "(unknown module)"))
1601207059921	Marionette	INFO	Listening on port 50130
1601207060141	Marionette	WARN	TLS certificate errors will be ignored for this session
console.error: Region.jsm: "Error fetching region" (new AbortError("The operation was aborted. ", (void 0), 697))
console.error: Region.jsm: "Failed to fetch region" (new Error("NO_RESULT", "resource://gre/modules/Region.jsm", 351))
Can't find symbol 'eglSwapBuffersWithDamageEXT'.
1601207080868	Marionette	INFO	Stopped listening on port 50130
JavaScript error: resource://gre/modules/UrlClassifierListManager.jsm, line 691: TypeError: this.tablesData[table] is undefined
[Parent 3292, Gecko_IOThread] WARNING: file /builds/worker/checkouts/gecko/ipc/chromium/src/base/process_util_win.cc, line 166
JavaScript error: resource://gre/modules/Sqlite.jsm, line 928: Error: Connection is not open.

###!!! [Child][RunMessage] Error: Channel closing: too late to send/recv, messages will be lost


###!!! [Child][MessageChannel::SendAndWait] Error: Channel error: cannot send/recv

